npm warn exec The following package was not found and will be installed: serve@14.2.5
 INFO  Accepting connections at http://localhost:3000
 HTTP  1/17/2026 2:59:56 PM ::1 GET /
 HTTP  1/17/2026 2:59:56 PM ::1 Returned 200 in 323 ms
 HTTP  1/17/2026 2:59:56 PM ::1 GET /_next/static/media/636a5ac981f94f8b-s.p.woff2
 HTTP  1/17/2026 2:59:56 PM ::1 GET /_next/static/css/20cfa6cedefa419e.css
 HTTP  1/17/2026 2:59:56 PM ::1 GET /assets/img/masthead.webp
 HTTP  1/17/2026 2:59:56 PM ::1 Returned 200 in 8 ms
 HTTP  1/17/2026 2:59:56 PM ::1 Returned 200 in 8 ms
 HTTP  1/17/2026 2:59:56 PM ::1 Returned 200 in 9 ms
 HTTP  1/17/2026 2:59:57 PM ::1 GET /_next/static/chunks/webpack-b118cb24099d562d.js
 HTTP  1/17/2026 2:59:57 PM ::1 GET /_next/static/chunks/fd9d1056-b34e90ae3fbd908b.js
 HTTP  1/17/2026 2:59:57 PM ::1 Returned 200 in 4 ms
 HTTP  1/17/2026 2:59:57 PM ::1 Returned 200 in 4 ms
 HTTP  1/17/2026 2:59:57 PM ::1 GET /_next/static/chunks/69-86382d78d800ab79.js
 HTTP  1/17/2026 2:59:57 PM ::1 GET /_next/static/chunks/main-app-211c41536461e7b5.js
 HTTP  1/17/2026 2:59:57 PM ::1 GET /_next/static/chunks/478-c835f255d603e027.js
 HTTP  1/17/2026 2:59:57 PM ::1 GET /_next/static/chunks/691-27046020e42360ec.js
 HTTP  1/17/2026 2:59:57 PM ::1 GET /_next/static/chunks/324-b60254afe8eac5ff.js
 HTTP  1/17/2026 2:59:57 PM ::1 Returned 200 in 13 ms
 HTTP  1/17/2026 2:59:57 PM ::1 Returned 200 in 18 ms
 HTTP  1/17/2026 2:59:57 PM ::1 Returned 200 in 36 ms
 HTTP  1/17/2026 2:59:57 PM ::1 Returned 200 in 35 ms
 HTTP  1/17/2026 2:59:57 PM ::1 GET /_next/static/chunks/app/page-c946c21afb87f039.js
 HTTP  1/17/2026 2:59:57 PM ::1 GET /_next/static/chunks/82-aa7e7d373a206366.js
 HTTP  1/17/2026 2:59:57 PM ::1 Returned 200 in 43 ms
 HTTP  1/17/2026 2:59:57 PM ::1 Returned 200 in 13 ms
 HTTP  1/17/2026 2:59:57 PM ::1 Returned 200 in 11 ms
 HTTP  1/17/2026 2:59:57 PM ::1 GET /_next/static/chunks/app/layout-67616b2e860d06f1.js
 HTTP  1/17/2026 2:59:57 PM ::1 Returned 200 in 2 ms
 HTTP  1/17/2026 2:59:57 PM ::1 GET /index.txt?_rsc=acgkz
 HTTP  1/17/2026 2:59:57 PM ::1 GET /services/index.txt?_rsc=acgkz
 HTTP  1/17/2026 2:59:57 PM ::1 Returned 200 in 9 ms
 HTTP  1/17/2026 2:59:57 PM ::1 Returned 200 in 7 ms
 HTTP  1/17/2026 2:59:57 PM ::1 GET /_next/static/chunks/app/services/page-3e502c719c655d23.js
 HTTP  1/17/2026 2:59:57 PM ::1 Returned 200 in 5 ms

 INFO  Gracefully shutting down. Please wait...
