npm warn exec The following package was not found and will be installed: serve@14.2.5
 INFO  Accepting connections at http://localhost:3000
 HTTP  1/18/2026 2:52:20 AM ::1 GET /
 HTTP  1/18/2026 2:52:20 AM ::1 Returned 200 in 274 ms
 HTTP  1/18/2026 2:52:21 AM ::1 GET /_next/static/media/636a5ac981f94f8b-s.p.woff2
 HTTP  1/18/2026 2:52:21 AM ::1 GET /_next/static/css/a03e8d7fd7fc0805.css
 HTTP  1/18/2026 2:52:21 AM ::1 GET /assets/img/masthead.webp
 HTTP  1/18/2026 2:52:21 AM ::1 Returned 200 in 5 ms
 HTTP  1/18/2026 2:52:21 AM ::1 Returned 200 in 5 ms
 HTTP  1/18/2026 2:52:21 AM ::1 Returned 200 in 6 ms
 HTTP  1/18/2026 2:52:21 AM ::1 GET /_next/static/chunks/webpack-e72f1717e202b77c.js
 HTTP  1/18/2026 2:52:21 AM ::1 GET /_next/static/chunks/cfeffc86-bdf23f3b6cca7277.js
 HTTP  1/18/2026 2:52:21 AM ::1 Returned 200 in 4 ms
 HTTP  1/18/2026 2:52:21 AM ::1 Returned 200 in 4 ms
 HTTP  1/18/2026 2:52:21 AM ::1 GET /_next/static/chunks/452-2a3090b2da510945.js
 HTTP  1/18/2026 2:52:21 AM ::1 GET /_next/static/chunks/main-app-80019fe271f4776b.js
 HTTP  1/18/2026 2:52:21 AM ::1 GET /_next/static/chunks/486-1b7cd1ad9fbd1125.js
 HTTP  1/18/2026 2:52:21 AM ::1 GET /_next/static/chunks/725-3c30d92b05eaa968.js
 HTTP  1/18/2026 2:52:21 AM ::1 GET /_next/static/chunks/275-62ce1383e9a3c8bd.js
 HTTP  1/18/2026 2:52:21 AM ::1 Returned 200 in 12 ms
 HTTP  1/18/2026 2:52:21 AM ::1 Returned 200 in 14 ms
 HTTP  1/18/2026 2:52:21 AM ::1 Returned 200 in 15 ms
 HTTP  1/18/2026 2:52:21 AM ::1 Returned 200 in 11 ms
 HTTP  1/18/2026 2:52:21 AM ::1 Returned 200 in 15 ms
 HTTP  1/18/2026 2:52:21 AM ::1 GET /_next/static/chunks/app/page-00c3289d64377872.js
 HTTP  1/18/2026 2:52:21 AM ::1 GET /_next/static/chunks/499-72d3997885eb16a6.js
 HTTP  1/18/2026 2:52:21 AM ::1 Returned 200 in 12 ms
 HTTP  1/18/2026 2:52:21 AM ::1 Returned 200 in 12 ms
 HTTP  1/18/2026 2:52:21 AM ::1 GET /_next/static/chunks/app/layout-5b70e1c969af88bb.js
 HTTP  1/18/2026 2:52:21 AM ::1 Returned 200 in 4 ms
 HTTP  1/18/2026 2:52:21 AM ::1 GET /index.txt?_rsc=acgkz
 HTTP  1/18/2026 2:52:21 AM ::1 GET /services/index.txt?_rsc=acgkz
 HTTP  1/18/2026 2:52:21 AM ::1 Returned 200 in 11 ms
 HTTP  1/18/2026 2:52:21 AM ::1 Returned 200 in 11 ms
 HTTP  1/18/2026 2:52:22 AM ::1 GET /_next/static/chunks/app/services/page-3785c3ab863e327a.js
 HTTP  1/18/2026 2:52:22 AM ::1 Returned 200 in 4 ms
 HTTP  1/18/2026 2:56:57 AM ::1 GET /services
 HTTP  1/18/2026 2:56:57 AM ::1 Returned 200 in 2 ms
 HTTP  1/18/2026 2:56:57 AM ::1 GET /_next/static/media/636a5ac981f94f8b-s.p.woff2
 HTTP  1/18/2026 2:56:57 AM ::1 GET /_next/static/css/a03e8d7fd7fc0805.css
 HTTP  1/18/2026 2:56:57 AM ::1 GET /assets/img/masthead.webp
 HTTP  1/18/2026 2:56:57 AM ::1 Returned 200 in 1 ms
 HTTP  1/18/2026 2:56:57 AM ::1 Returned 200 in 1 ms
 HTTP  1/18/2026 2:56:57 AM ::1 Returned 200 in 2 ms
 HTTP  1/18/2026 2:56:57 AM ::1 GET /_next/static/chunks/webpack-e72f1717e202b77c.js
 HTTP  1/18/2026 2:56:57 AM ::1 GET /_next/static/chunks/cfeffc86-bdf23f3b6cca7277.js
 HTTP  1/18/2026 2:56:57 AM ::1 GET /_next/static/chunks/452-2a3090b2da510945.js
 HTTP  1/18/2026 2:56:57 AM ::1 Returned 200 in 1 ms
 HTTP  1/18/2026 2:56:57 AM ::1 Returned 200 in 2 ms
 HTTP  1/18/2026 2:56:57 AM ::1 GET /_next/static/chunks/main-app-80019fe271f4776b.js
 HTTP  1/18/2026 2:56:57 AM ::1 GET /_next/static/chunks/486-1b7cd1ad9fbd1125.js
 HTTP  1/18/2026 2:56:57 AM ::1 GET /_next/static/chunks/725-3c30d92b05eaa968.js
 HTTP  1/18/2026 2:56:57 AM ::1 Returned 200 in 2 ms
 HTTP  1/18/2026 2:56:57 AM ::1 Returned 200 in 2 ms
 HTTP  1/18/2026 2:56:57 AM ::1 Returned 200 in 1 ms
 HTTP  1/18/2026 2:56:57 AM ::1 Returned 200 in 2 ms
 HTTP  1/18/2026 2:56:57 AM ::1 GET /_next/static/chunks/275-62ce1383e9a3c8bd.js
 HTTP  1/18/2026 2:56:57 AM ::1 GET /_next/static/chunks/app/services/page-3785c3ab863e327a.js
 HTTP  1/18/2026 2:56:57 AM ::1 Returned 200 in 1 ms
 HTTP  1/18/2026 2:56:57 AM ::1 Returned 200 in 2 ms
 HTTP  1/18/2026 2:56:57 AM ::1 GET /_next/static/chunks/499-72d3997885eb16a6.js
 HTTP  1/18/2026 2:56:57 AM ::1 Returned 200 in 1 ms
 HTTP  1/18/2026 2:56:57 AM ::1 GET /_next/static/chunks/app/layout-5b70e1c969af88bb.js
 HTTP  1/18/2026 2:56:57 AM ::1 Returned 200 in 1 ms
 HTTP  1/18/2026 2:56:57 AM ::1 GET /_next/static/media/logo.75320205.webp
 HTTP  1/18/2026 2:56:57 AM ::1 Returned 200 in 2 ms
 HTTP  1/18/2026 2:56:58 AM ::1 GET /index.txt?_rsc=9p3se
 HTTP  1/18/2026 2:56:58 AM ::1 Returned 200 in 1 ms
 HTTP  1/18/2026 2:56:58 AM ::1 GET /services/index.txt?_rsc=9p3se
 HTTP  1/18/2026 2:56:58 AM ::1 GET /services.txt?_rsc=9p3se
 HTTP  1/18/2026 2:56:58 AM ::1 Returned 200 in 1 ms
 HTTP  1/18/2026 2:56:58 AM ::1 Returned 404 in 5 ms
 HTTP  1/18/2026 2:56:58 AM ::1 GET /_next/static/chunks/app/page-00c3289d64377872.js
 HTTP  1/18/2026 2:56:58 AM ::1 Returned 200 in 1 ms

 INFO  Gracefully shutting down. Please wait...
npm notice
npm notice New minor version of npm available! 11.6.2 -> 11.7.0
npm notice Changelog: https://github.com/npm/cli/releases/tag/v11.7.0
npm notice To update run: npm install -g npm@11.7.0
npm notice
